c:\program code\gamemakinglesson\lesson4\debug\vc142.pdb
c:\program code\gamemakinglesson\lesson4\debug\vc142.idb
c:\program code\gamemakinglesson\lesson4\debug\state.obj
c:\program code\gamemakinglesson\lesson4\debug\source.obj
c:\program code\gamemakinglesson\lesson4\debug\door.obj
c:\program code\gamemakinglesson\lesson4\debug\lesson4.tlog\cl.command.1.tlog
c:\program code\gamemakinglesson\lesson4\debug\lesson4.tlog\cl.read.1.tlog
c:\program code\gamemakinglesson\lesson4\debug\lesson4.tlog\cl.write.1.tlog
c:\program code\gamemakinglesson\lesson4\debug\lesson4.tlog\link-cvtres.read.1.tlog
c:\program code\gamemakinglesson\lesson4\debug\lesson4.tlog\link-cvtres.write.1.tlog
c:\program code\gamemakinglesson\lesson4\debug\lesson4.tlog\link-rc.read.1.tlog
c:\program code\gamemakinglesson\lesson4\debug\lesson4.tlog\link-rc.write.1.tlog
c:\program code\gamemakinglesson\lesson4\debug\lesson4.tlog\link.9804-cvtres.read.1.tlog
c:\program code\gamemakinglesson\lesson4\debug\lesson4.tlog\link.9804-cvtres.write.1.tlog
c:\program code\gamemakinglesson\lesson4\debug\lesson4.tlog\link.9804-rc.read.1.tlog
c:\program code\gamemakinglesson\lesson4\debug\lesson4.tlog\link.9804-rc.write.1.tlog
c:\program code\gamemakinglesson\lesson4\debug\lesson4.tlog\link.9804.read.1.tlog
c:\program code\gamemakinglesson\lesson4\debug\lesson4.tlog\link.9804.write.1.tlog
c:\program code\gamemakinglesson\lesson4\debug\lesson4.tlog\link.command.1.tlog
c:\program code\gamemakinglesson\lesson4\debug\lesson4.tlog\link.read.1.tlog
c:\program code\gamemakinglesson\lesson4\debug\lesson4.tlog\link.write.1.tlog
