c:\program code\gamemakinglesson\jura\trainingframework\release-nvidia\vc142.pdb
c:\program code\gamemakinglesson\jura\trainingframework\release-nvidia\gamestatebase.obj
c:\program code\gamemakinglesson\jura\trainingframework\release-nvidia\texture.obj
c:\program code\gamemakinglesson\jura\trainingframework\release-nvidia\text.obj
c:\program code\gamemakinglesson\jura\trainingframework\release-nvidia\shaders.obj
c:\program code\gamemakinglesson\jura\trainingframework\release-nvidia\models.obj
c:\program code\gamemakinglesson\jura\trainingframework\release-nvidia\sprite3d.obj
c:\program code\gamemakinglesson\jura\trainingframework\release-nvidia\camera.obj
c:\program code\gamemakinglesson\jura\trainingframework\release-nvidia\sprite2d.obj
c:\program code\gamemakinglesson\jura\trainingframework\release-nvidia\gamebutton.obj
c:\program code\gamemakinglesson\jura\trainingframework\release-nvidia\font.obj
c:\program code\gamemakinglesson\jura\trainingframework\release-nvidia\animation2d.obj
c:\program code\gamemakinglesson\jura\trainingframework\release-nvidia\resourcemanagers.obj
c:\program code\gamemakinglesson\jura\trainingframework\release-nvidia\state.obj
c:\program code\gamemakinglesson\jura\trainingframework\release-nvidia\running.obj
c:\program code\gamemakinglesson\jura\trainingframework\release-nvidia\dead.obj
c:\program code\gamemakinglesson\jura\trainingframework\release-nvidia\character.obj
c:\program code\gamemakinglesson\jura\trainingframework\release-nvidia\sliding.obj
c:\program code\gamemakinglesson\jura\trainingframework\release-nvidia\jumping.obj
c:\program code\gamemakinglesson\jura\trainingframework\release-nvidia\idle.obj
c:\program code\gamemakinglesson\jura\trainingframework\release-nvidia\application.obj
c:\program code\gamemakinglesson\jura\trainingframework\release-nvidia\juraapp.obj
c:\program code\gamemakinglesson\jura\trainingframework\release-nvidia\gssetting.obj
c:\program code\gamemakinglesson\jura\trainingframework\release-nvidia\gsplay.obj
c:\program code\gamemakinglesson\jura\trainingframework\release-nvidia\gsmenu.obj
c:\program code\gamemakinglesson\jura\trainingframework\release-nvidia\gsintro.obj
c:\program code\gamemakinglesson\jura\trainingframework\release-nvidia\gshelp.obj
c:\program code\gamemakinglesson\jura\trainingframework\release-nvidia\gamestatemachine.obj
c:\program code\gamemakinglesson\jura\bin-nvidia\juraapp.ipdb
c:\program code\gamemakinglesson\jura\bin-nvidia\juraapp.iobj
c:\program code\gamemakinglesson\jura\bin-nvidia\juraapp.exe
c:\program code\gamemakinglesson\jura\bin-nvidia\juraapp.pdb
c:\program code\gamemakinglesson\jura\\bin-nvidia\juraapp.pdb
c:\program code\gamemakinglesson\jura\trainingframework\release-nvidia\juraapp.tlog\cl.command.1.tlog
c:\program code\gamemakinglesson\jura\trainingframework\release-nvidia\juraapp.tlog\cl.read.1.tlog
c:\program code\gamemakinglesson\jura\trainingframework\release-nvidia\juraapp.tlog\cl.write.1.tlog
c:\program code\gamemakinglesson\jura\trainingframework\release-nvidia\juraapp.tlog\juraapp.write.1u.tlog
c:\program code\gamemakinglesson\jura\trainingframework\release-nvidia\juraapp.tlog\link.command.1.tlog
c:\program code\gamemakinglesson\jura\trainingframework\release-nvidia\juraapp.tlog\link.read.1.tlog
c:\program code\gamemakinglesson\jura\trainingframework\release-nvidia\juraapp.tlog\link.write.1.tlog
