  Application.cpp
  Idle.cpp
  Jumping.cpp
  Sliding.cpp
  Character.cpp
  Dead.cpp
  Running.cpp
  State.cpp
  ResourceManagers.cpp
  Animation2D.cpp
  Font.cpp
  GameButton.cpp
  Sprite2D.cpp
C:\Program Code\GameMakingLesson\Jura\TrainingFramework\src\GameObject\Sprite2D.cpp(141,11): warning C4244: 'initializing': conversion from 'double' to 'float', possible loss of data
C:\Program Code\GameMakingLesson\Jura\TrainingFramework\src\GameObject\Sprite2D.cpp(142,11): warning C4244: 'initializing': conversion from 'double' to 'float', possible loss of data
C:\Program Code\GameMakingLesson\Jura\TrainingFramework\src\GameObject\Sprite2D.cpp(152,11): warning C4244: 'initializing': conversion from 'double' to 'float', possible loss of data
C:\Program Code\GameMakingLesson\Jura\TrainingFramework\src\GameObject\Sprite2D.cpp(153,11): warning C4244: 'initializing': conversion from 'double' to 'float', possible loss of data
  Camera.cpp
  Sprite3D.cpp
  Models.cpp
C:\Program Code\GameMakingLesson\Jura\TrainingFramework\src\GameObject\Models.cpp(10,3): warning C4477: 'printf' : format string '%s' requires an argument of type 'char *', but variadic argument 1 has type 'const std::string'
C:\Program Code\GameMakingLesson\Jura\TrainingFramework\src\GameObject\Models.cpp(13,2): warning C4477: 'printf' : format string '%s' requires an argument of type 'char *', but variadic argument 1 has type 'const std::string'
C:\Program Code\GameMakingLesson\Jura\TrainingFramework\src\GameObject\Models.cpp(25,18): warning C4244: 'initializing': conversion from 'std::streamoff' to 'size_t', possible loss of data
C:\Program Code\GameMakingLesson\Jura\TrainingFramework\src\GameObject\Models.cpp(35,12): warning C4996: 'sscanf': This function or variable may be unsafe. Consider using sscanf_s instead. To disable deprecation, use _CRT_SECURE_NO_WARNINGS. See online help for details.
C:\Program Code\GameMakingLesson\Jura\TrainingFramework\src\GameObject\Models.cpp(40,9): warning C4996: 'sscanf': This function or variable may be unsafe. Consider using sscanf_s instead. To disable deprecation, use _CRT_SECURE_NO_WARNINGS. See online help for details.
C:\Program Code\GameMakingLesson\Jura\TrainingFramework\src\GameObject\Models.cpp(62,8): warning C4996: 'sscanf': This function or variable may be unsafe. Consider using sscanf_s instead. To disable deprecation, use _CRT_SECURE_NO_WARNINGS. See online help for details.
C:\Program Code\GameMakingLesson\Jura\TrainingFramework\src\GameObject\Models.cpp(68,9): warning C4996: 'sscanf': This function or variable may be unsafe. Consider using sscanf_s instead. To disable deprecation, use _CRT_SECURE_NO_WARNINGS. See online help for details.
  Shaders.cpp
C:\Program Code\GameMakingLesson\Jura\TrainingFramework\src\GameObject\Shaders.cpp(21,2): warning C4477: 'printf' : format string '%s' requires an argument of type 'char *', but variadic argument 1 has type 'const std::string'
C:\Program Code\GameMakingLesson\Jura\TrainingFramework\src\GameObject\Shaders.cpp(21,2): warning C4477: 'printf' : format string '%s' requires an argument of type 'char *', but variadic argument 2 has type 'const std::string'
C:\Program Code\GameMakingLesson\Jura\TrainingFramework\src\GameObject\Shaders.cpp(25,3): warning C4477: 'printf' : format string '%s' requires an argument of type 'char *', but variadic argument 1 has type 'const std::string'
C:\Program Code\GameMakingLesson\Jura\TrainingFramework\src\GameObject\Shaders.cpp(32,3): warning C4477: 'printf' : format string '%s' requires an argument of type 'char *', but variadic argument 1 has type 'const std::string'
C:\Program Code\GameMakingLesson\Jura\TrainingFramework\src\GameObject\Shaders.cpp(44,2): warning C4477: 'printf' : format string '%s' requires an argument of type 'char *', but variadic argument 1 has type 'const std::string'
C:\Program Code\GameMakingLesson\Jura\TrainingFramework\src\GameObject\Shaders.cpp(44,2): warning C4477: 'printf' : format string '%s' requires an argument of type 'char *', but variadic argument 2 has type 'const std::string'
  Text.cpp
C:\Program Code\GameMakingLesson\Jura\TrainingFramework\src\GameObject\Text.cpp(24,11): warning C4244: 'initializing': conversion from 'double' to 'float', possible loss of data
C:\Program Code\GameMakingLesson\Jura\TrainingFramework\src\GameObject\Text.cpp(25,11): warning C4244: 'initializing': conversion from 'double' to 'float', possible loss of data
C:\Program Code\GameMakingLesson\Jura\TrainingFramework\src\GameObject\Text.cpp(171,11): warning C4244: 'initializing': conversion from 'double' to 'float', possible loss of data
C:\Program Code\GameMakingLesson\Jura\TrainingFramework\src\GameObject\Text.cpp(172,11): warning C4244: 'initializing': conversion from 'double' to 'float', possible loss of data
C:\Program Code\GameMakingLesson\Jura\TrainingFramework\src\GameObject\Text.cpp(182,11): warning C4244: 'initializing': conversion from 'double' to 'float', possible loss of data
C:\Program Code\GameMakingLesson\Jura\TrainingFramework\src\GameObject\Text.cpp(183,11): warning C4244: 'initializing': conversion from 'double' to 'float', possible loss of data
  Texture.cpp
  GameStatebase.cpp
  Compiling...
  GameStateMachine.cpp
  GSHelp.cpp
C:\Program Code\GameMakingLesson\Jura\TrainingFramework\src\GameStates\GSHelp.cpp(28,60): warning C4244: 'argument': conversion from 'int' to 'GLfloat', possible loss of data
C:\Program Code\GameMakingLesson\Jura\TrainingFramework\src\GameStates\GSHelp.cpp(28,42): warning C4244: 'argument': conversion from 'int' to 'GLfloat', possible loss of data
C:\Program Code\GameMakingLesson\Jura\TrainingFramework\src\GameStates\GSHelp.cpp(47,46): warning C4244: 'argument': conversion from 'int' to 'GLfloat', possible loss of data
C:\Program Code\GameMakingLesson\Jura\TrainingFramework\src\GameStates\GSHelp.cpp(52,68): warning C4244: 'argument': conversion from 'int' to 'GLfloat', possible loss of data
C:\Program Code\GameMakingLesson\Jura\TrainingFramework\src\GameStates\GSHelp.cpp(52,45): warning C4244: 'argument': conversion from 'int' to 'GLfloat', possible loss of data
C:\Program Code\GameMakingLesson\Jura\TrainingFramework\src\GameStates\GSHelp.cpp(58,65): warning C4244: 'argument': conversion from 'int' to 'GLfloat', possible loss of data
C:\Program Code\GameMakingLesson\Jura\TrainingFramework\src\GameStates\GSHelp.cpp(58,42): warning C4244: 'argument': conversion from 'int' to 'GLfloat', possible loss of data
C:\Program Code\GameMakingLesson\Jura\TrainingFramework\src\GameStates\GSHelp.cpp(65,61): warning C4244: 'argument': conversion from 'int' to 'GLfloat', possible loss of data
C:\Program Code\GameMakingLesson\Jura\TrainingFramework\src\GameStates\GSHelp.cpp(65,39): warning C4244: 'argument': conversion from 'int' to 'GLfloat', possible loss of data
C:\Program Code\GameMakingLesson\Jura\TrainingFramework\src\GameStates\GSHelp.cpp(71,65): warning C4244: 'argument': conversion from 'int' to 'GLfloat', possible loss of data
C:\Program Code\GameMakingLesson\Jura\TrainingFramework\src\GameStates\GSHelp.cpp(71,42): warning C4244: 'argument': conversion from 'int' to 'GLfloat', possible loss of data
C:\Program Files (x86)\Microsoft Visual Studio\2019\Community\VC\Tools\MSVC\14.28.29333\include\xmemory(230,33): warning C4244: 'argument': conversion from '_Ty' to 'float', possible loss of data
          with
          [
              _Ty=double
          ]
C:\Program Files (x86)\Microsoft Visual Studio\2019\Community\VC\Tools\MSVC\14.28.29333\include\memory(1564): message : see reference to function template instantiation 'void std::_Construct_in_place<_Ty,std::shared_ptr<Shaders>&,std::shared_ptr<Font>&,const char(&)[13],TEXT_COLOR,double>(_Ty &,std::shared_ptr<Shaders> &,std::shared_ptr<Font> &,const char (&)[13],TEXT_COLOR &&,double &&) noexcept(false)' being compiled
          with
          [
              _Ty=Text
          ]
C:\Program Files (x86)\Microsoft Visual Studio\2019\Community\VC\Tools\MSVC\14.28.29333\include\memory(2208): message : see reference to function template instantiation 'std::_Ref_count_obj2<_Ty>::_Ref_count_obj2<std::shared_ptr<Shaders>&,std::shared_ptr<Font>&,const char(&)[13],TEXT_COLOR,double>(std::shared_ptr<Shaders> &,std::shared_ptr<Font> &,const char (&)[13],TEXT_COLOR &&,double &&)' being compiled
          with
          [
              _Ty=Text
          ]
C:\Program Files (x86)\Microsoft Visual Studio\2019\Community\VC\Tools\MSVC\14.28.29333\include\memory(2208): message : see reference to function template instantiation 'std::_Ref_count_obj2<_Ty>::_Ref_count_obj2<std::shared_ptr<Shaders>&,std::shared_ptr<Font>&,const char(&)[13],TEXT_COLOR,double>(std::shared_ptr<Shaders> &,std::shared_ptr<Font> &,const char (&)[13],TEXT_COLOR &&,double &&)' being compiled
          with
          [
              _Ty=Text
          ]
C:\Program Code\GameMakingLesson\Jura\TrainingFramework\src\GameStates\GSHelp.cpp(46): message : see reference to function template instantiation 'std::shared_ptr<Text> std::make_shared<Text,std::shared_ptr<Shaders>&,std::shared_ptr<Font>&,const char(&)[13],TEXT_COLOR,double>(std::shared_ptr<Shaders> &,std::shared_ptr<Font> &,const char (&)[13],TEXT_COLOR &&,double &&)' being compiled
  GSIntro.cpp
C:\Program Code\GameMakingLesson\Jura\TrainingFramework\src\GameStates\GSIntro.cpp(26,54): warning C4244: 'argument': conversion from 'int' to 'GLfloat', possible loss of data
C:\Program Code\GameMakingLesson\Jura\TrainingFramework\src\GameStates\GSIntro.cpp(26,36): warning C4244: 'argument': conversion from 'int' to 'GLfloat', possible loss of data
  GSMenu.cpp
C:\Program Code\GameMakingLesson\Jura\TrainingFramework\src\GameStates\GSMenu.cpp(32,60): warning C4244: 'argument': conversion from 'int' to 'GLfloat', possible loss of data
C:\Program Code\GameMakingLesson\Jura\TrainingFramework\src\GameStates\GSMenu.cpp(32,42): warning C4244: 'argument': conversion from 'int' to 'GLfloat', possible loss of data
C:\Program Code\GameMakingLesson\Jura\TrainingFramework\src\GameStates\GSMenu.cpp(38,36): warning C4244: 'argument': conversion from 'int' to 'GLfloat', possible loss of data
C:\Program Code\GameMakingLesson\Jura\TrainingFramework\src\GameStates\GSMenu.cpp(48,39): warning C4244: 'argument': conversion from 'int' to 'GLfloat', possible loss of data
C:\Program Code\GameMakingLesson\Jura\TrainingFramework\src\GameStates\GSMenu.cpp(59,39): warning C4244: 'argument': conversion from 'int' to 'GLfloat', possible loss of data
C:\Program Code\GameMakingLesson\Jura\TrainingFramework\src\GameStates\GSMenu.cpp(69,55): warning C4244: 'argument': conversion from 'int' to 'GLfloat', possible loss of data
C:\Program Code\GameMakingLesson\Jura\TrainingFramework\src\GameStates\GSMenu.cpp(69,36): warning C4244: 'argument': conversion from 'int' to 'GLfloat', possible loss of data
C:\Program Code\GameMakingLesson\Jura\TrainingFramework\src\GameStates\GSMenu.cpp(80,57): warning C4244: 'argument': conversion from 'int' to 'GLfloat', possible loss of data
C:\Program Code\GameMakingLesson\Jura\TrainingFramework\src\GameStates\GSMenu.cpp(87,60): warning C4244: 'argument': conversion from 'int' to 'GLfloat', possible loss of data
C:\Program Code\GameMakingLesson\Jura\TrainingFramework\src\GameStates\GSMenu.cpp(87,41): warning C4244: 'argument': conversion from 'int' to 'GLfloat', possible loss of data
C:\Program Files (x86)\Microsoft Visual Studio\2019\Community\VC\Tools\MSVC\14.28.29333\include\xmemory(230,33): warning C4244: 'argument': conversion from '_Ty' to 'float', possible loss of data
          with
          [
              _Ty=double
          ]
C:\Program Files (x86)\Microsoft Visual Studio\2019\Community\VC\Tools\MSVC\14.28.29333\include\memory(1564): message : see reference to function template instantiation 'void std::_Construct_in_place<_Ty,std::shared_ptr<Shaders>&,std::shared_ptr<Font>&,const char(&)[9],TEXT_COLOR,double>(_Ty &,std::shared_ptr<Shaders> &,std::shared_ptr<Font> &,const char (&)[9],TEXT_COLOR &&,double &&) noexcept(false)' being compiled
          with
          [
              _Ty=Text
          ]
C:\Program Files (x86)\Microsoft Visual Studio\2019\Community\VC\Tools\MSVC\14.28.29333\include\memory(2208): message : see reference to function template instantiation 'std::_Ref_count_obj2<_Ty>::_Ref_count_obj2<std::shared_ptr<Shaders>&,std::shared_ptr<Font>&,const char(&)[9],TEXT_COLOR,double>(std::shared_ptr<Shaders> &,std::shared_ptr<Font> &,const char (&)[9],TEXT_COLOR &&,double &&)' being compiled
          with
          [
              _Ty=Text
          ]
C:\Program Files (x86)\Microsoft Visual Studio\2019\Community\VC\Tools\MSVC\14.28.29333\include\memory(2208): message : see reference to function template instantiation 'std::_Ref_count_obj2<_Ty>::_Ref_count_obj2<std::shared_ptr<Shaders>&,std::shared_ptr<Font>&,const char(&)[9],TEXT_COLOR,double>(std::shared_ptr<Shaders> &,std::shared_ptr<Font> &,const char (&)[9],TEXT_COLOR &&,double &&)' being compiled
          with
          [
              _Ty=Text
          ]
C:\Program Code\GameMakingLesson\Jura\TrainingFramework\src\GameStates\GSMenu.cpp(79): message : see reference to function template instantiation 'std::shared_ptr<Text> std::make_shared<Text,std::shared_ptr<Shaders>&,std::shared_ptr<Font>&,const char(&)[9],TEXT_COLOR,double>(std::shared_ptr<Shaders> &,std::shared_ptr<Font> &,const char (&)[9],TEXT_COLOR &&,double &&)' being compiled
  GSPlay.cpp
C:\Program Code\GameMakingLesson\Jura\TrainingFramework\src\GameStates\GSPlay.cpp(36,61): warning C4244: 'argument': conversion from 'int' to 'GLfloat', possible loss of data
C:\Program Code\GameMakingLesson\Jura\TrainingFramework\src\GameStates\GSPlay.cpp(36,43): warning C4244: 'argument': conversion from 'int' to 'GLfloat', possible loss of data
C:\Program Code\GameMakingLesson\Jura\TrainingFramework\src\GameStates\GSPlay.cpp(40,73): warning C4244: 'argument': conversion from 'int' to 'GLfloat', possible loss of data
C:\Program Code\GameMakingLesson\Jura\TrainingFramework\src\GameStates\GSPlay.cpp(40,46): warning C4244: 'argument': conversion from 'int' to 'GLfloat', possible loss of data
C:\Program Code\GameMakingLesson\Jura\TrainingFramework\src\GameStates\GSPlay.cpp(59,41): warning C4244: 'argument': conversion from 'int' to 'GLfloat', possible loss of data
C:\Program Code\GameMakingLesson\Jura\TrainingFramework\src\GameStates\GSPlay.cpp(65,42): warning C4244: 'argument': conversion from 'int' to 'GLfloat', possible loss of data
C:\Program Code\GameMakingLesson\Jura\TrainingFramework\src\GameStates\GSPlay.cpp(115,71): warning C4244: 'argument': conversion from 'int' to 'GLfloat', possible loss of data
C:\Program Code\GameMakingLesson\Jura\TrainingFramework\src\GameStates\GSPlay.cpp(116,85): warning C4244: 'argument': conversion from 'int' to 'GLfloat', possible loss of data
C:\Program Files (x86)\Microsoft Visual Studio\2019\Community\VC\Tools\MSVC\14.28.29333\include\xmemory(230,33): warning C4244: 'argument': conversion from '_Ty' to 'float', possible loss of data
          with
          [
              _Ty=double
          ]
C:\Program Files (x86)\Microsoft Visual Studio\2019\Community\VC\Tools\MSVC\14.28.29333\include\memory(1564): message : see reference to function template instantiation 'void std::_Construct_in_place<_Ty,std::shared_ptr<Shaders>&,std::shared_ptr<Font>&,const char(&)[10],TEXT_COLOR,double>(_Ty &,std::shared_ptr<Shaders> &,std::shared_ptr<Font> &,const char (&)[10],TEXT_COLOR &&,double &&) noexcept(false)' being compiled
          with
          [
              _Ty=Text
          ]
C:\Program Files (x86)\Microsoft Visual Studio\2019\Community\VC\Tools\MSVC\14.28.29333\include\memory(2208): message : see reference to function template instantiation 'std::_Ref_count_obj2<_Ty>::_Ref_count_obj2<std::shared_ptr<Shaders>&,std::shared_ptr<Font>&,const char(&)[10],TEXT_COLOR,double>(std::shared_ptr<Shaders> &,std::shared_ptr<Font> &,const char (&)[10],TEXT_COLOR &&,double &&)' being compiled
          with
          [
              _Ty=Text
          ]
C:\Program Files (x86)\Microsoft Visual Studio\2019\Community\VC\Tools\MSVC\14.28.29333\include\memory(2208): message : see reference to function template instantiation 'std::_Ref_count_obj2<_Ty>::_Ref_count_obj2<std::shared_ptr<Shaders>&,std::shared_ptr<Font>&,const char(&)[10],TEXT_COLOR,double>(std::shared_ptr<Shaders> &,std::shared_ptr<Font> &,const char (&)[10],TEXT_COLOR &&,double &&)' being compiled
          with
          [
              _Ty=Text
          ]
C:\Program Code\GameMakingLesson\Jura\TrainingFramework\src\GameStates\GSPlay.cpp(58): message : see reference to function template instantiation 'std::shared_ptr<Text> std::make_shared<Text,std::shared_ptr<Shaders>&,std::shared_ptr<Font>&,const char(&)[10],TEXT_COLOR,double>(std::shared_ptr<Shaders> &,std::shared_ptr<Font> &,const char (&)[10],TEXT_COLOR &&,double &&)' being compiled
  GSSetting.cpp
C:\Program Code\GameMakingLesson\Jura\TrainingFramework\src\GameStates\GSSetting.cpp(38,57): warning C4244: 'argument': conversion from 'int' to 'GLfloat', possible loss of data
C:\Program Files (x86)\Microsoft Visual Studio\2019\Community\VC\Tools\MSVC\14.28.29333\include\xmemory(230,33): warning C4244: 'argument': conversion from '_Ty' to 'float', possible loss of data
          with
          [
              _Ty=double
          ]
C:\Program Files (x86)\Microsoft Visual Studio\2019\Community\VC\Tools\MSVC\14.28.29333\include\memory(1564): message : see reference to function template instantiation 'void std::_Construct_in_place<_Ty,std::shared_ptr<Shaders>&,std::shared_ptr<Font>&,const char(&)[8],TEXT_COLOR,double>(_Ty &,std::shared_ptr<Shaders> &,std::shared_ptr<Font> &,const char (&)[8],TEXT_COLOR &&,double &&) noexcept(false)' being compiled
          with
          [
              _Ty=Text
          ]
C:\Program Files (x86)\Microsoft Visual Studio\2019\Community\VC\Tools\MSVC\14.28.29333\include\memory(2208): message : see reference to function template instantiation 'std::_Ref_count_obj2<_Ty>::_Ref_count_obj2<std::shared_ptr<Shaders>&,std::shared_ptr<Font>&,const char(&)[8],TEXT_COLOR,double>(std::shared_ptr<Shaders> &,std::shared_ptr<Font> &,const char (&)[8],TEXT_COLOR &&,double &&)' being compiled
          with
          [
              _Ty=Text
          ]
C:\Program Files (x86)\Microsoft Visual Studio\2019\Community\VC\Tools\MSVC\14.28.29333\include\memory(2208): message : see reference to function template instantiation 'std::_Ref_count_obj2<_Ty>::_Ref_count_obj2<std::shared_ptr<Shaders>&,std::shared_ptr<Font>&,const char(&)[8],TEXT_COLOR,double>(std::shared_ptr<Shaders> &,std::shared_ptr<Font> &,const char (&)[8],TEXT_COLOR &&,double &&)' being compiled
          with
          [
              _Ty=Text
          ]
C:\Program Code\GameMakingLesson\Jura\TrainingFramework\src\GameStates\GSSetting.cpp(37): message : see reference to function template instantiation 'std::shared_ptr<Text> std::make_shared<Text,std::shared_ptr<Shaders>&,std::shared_ptr<Font>&,const char(&)[8],TEXT_COLOR,double>(std::shared_ptr<Shaders> &,std::shared_ptr<Font> &,const char (&)[8],TEXT_COLOR &&,double &&)' being compiled
  JuraApp.cpp
LINK : warning LNK4098: defaultlib 'LIBCMT' conflicts with use of other libs; use /NODEFAULTLIB:library
  Generating code
  Previous IPDB not found, fall back to full compilation.
  All 1518 functions were compiled because no usable IPDB/IOBJ from previous compilation was found.
  Finished generating code
  TrainingFramework.vcxproj -> C:\Program Code\GameMakingLesson\Jura\BIN-Nvidia\JuraApp.exe
