c:\program code\gamemakinglesson\jura\trainingframework\debug-nvidia\vc142.pdb
c:\program code\gamemakinglesson\jura\trainingframework\debug-nvidia\vc142.idb
c:\program code\gamemakinglesson\jura\trainingframework\debug-nvidia\state.obj
c:\program code\gamemakinglesson\jura\trainingframework\debug-nvidia\resourcemanagers.obj
c:\program code\gamemakinglesson\jura\trainingframework\debug-nvidia\animation2d.obj
c:\program code\gamemakinglesson\jura\trainingframework\debug-nvidia\font.obj
c:\program code\gamemakinglesson\jura\trainingframework\debug-nvidia\gamebutton.obj
c:\program code\gamemakinglesson\jura\trainingframework\debug-nvidia\sprite2d.obj
c:\program code\gamemakinglesson\jura\trainingframework\debug-nvidia\camera.obj
c:\program code\gamemakinglesson\jura\trainingframework\debug-nvidia\sprite3d.obj
c:\program code\gamemakinglesson\jura\trainingframework\debug-nvidia\models.obj
c:\program code\gamemakinglesson\jura\trainingframework\debug-nvidia\shaders.obj
c:\program code\gamemakinglesson\jura\trainingframework\debug-nvidia\text.obj
c:\program code\gamemakinglesson\jura\trainingframework\debug-nvidia\texture.obj
c:\program code\gamemakinglesson\jura\trainingframework\debug-nvidia\gamestatebase.obj
c:\program code\gamemakinglesson\jura\trainingframework\debug-nvidia\gamestatemachine.obj
c:\program code\gamemakinglesson\jura\trainingframework\debug-nvidia\gshelp.obj
c:\program code\gamemakinglesson\jura\trainingframework\debug-nvidia\gsintro.obj
c:\program code\gamemakinglesson\jura\trainingframework\debug-nvidia\gsmenu.obj
c:\program code\gamemakinglesson\jura\trainingframework\debug-nvidia\gsplay.obj
c:\program code\gamemakinglesson\jura\trainingframework\debug-nvidia\gssetting.obj
c:\program code\gamemakinglesson\jura\trainingframework\debug-nvidia\juraapp.obj
c:\program code\gamemakinglesson\jura\trainingframework\debug-nvidia\application.obj
c:\program code\gamemakinglesson\jura\trainingframework\debug-nvidia\idle.obj
c:\program code\gamemakinglesson\jura\trainingframework\debug-nvidia\jumping.obj
c:\program code\gamemakinglesson\jura\trainingframework\debug-nvidia\sliding.obj
c:\program code\gamemakinglesson\jura\trainingframework\debug-nvidia\character.obj
c:\program code\gamemakinglesson\jura\trainingframework\debug-nvidia\dead.obj
c:\program code\gamemakinglesson\jura\trainingframework\debug-nvidia\running.obj
c:\program code\gamemakinglesson\jura\\bin-nvidia\juraapp.pdb
c:\program code\gamemakinglesson\jura\trainingframework\debug-nvidia\juraapp.tlog\cl.command.1.tlog
c:\program code\gamemakinglesson\jura\trainingframework\debug-nvidia\juraapp.tlog\cl.read.1.tlog
c:\program code\gamemakinglesson\jura\trainingframework\debug-nvidia\juraapp.tlog\cl.write.1.tlog
c:\program code\gamemakinglesson\jura\trainingframework\debug-nvidia\juraapp.tlog\link-cvtres.read.1.tlog
c:\program code\gamemakinglesson\jura\trainingframework\debug-nvidia\juraapp.tlog\link-cvtres.write.1.tlog
c:\program code\gamemakinglesson\jura\trainingframework\debug-nvidia\juraapp.tlog\link-rc.read.1.tlog
c:\program code\gamemakinglesson\jura\trainingframework\debug-nvidia\juraapp.tlog\link-rc.write.1.tlog
c:\program code\gamemakinglesson\jura\trainingframework\debug-nvidia\juraapp.tlog\link.command.1.tlog
c:\program code\gamemakinglesson\jura\trainingframework\debug-nvidia\juraapp.tlog\link.read.1.tlog
c:\program code\gamemakinglesson\jura\trainingframework\debug-nvidia\juraapp.tlog\link.write.1.tlog
